<?xml version="1.0" encoding="UTF-8"?>
<!-- Generated by org.testng.reporters.JUnitReportReporter -->
<testsuite hostname="ITjsb-112" name="net.yst.test.TestLogin" tests="1" failures="0" timestamp="8 Jul 2016 02:02:01 GMT" time="8.331" errors="0">
  <testcase name="testLogin" time="8.331" classname="net.yst.test.TestLogin"/>
</testsuite>
